<?xml version="1.0" encoding="UTF-8"?>
<coverage generated="1612691254671" clover="3.2.0">
  <project timestamp="1612691254672" name="All files">
    <metrics statements="92" coveredstatements="76" conditionals="103" coveredconditionals="71" methods="6" coveredmethods="4" elements="201" coveredelements="151" complexity="0" loc="92" ncloc="92" packages="1" files="4" classes="4"/>
    <file name="getMetaData.js" path="/Users/lpatiny/git/cheminfo/nmr-metadata/src/getMetaData.js">
      <metrics statements="36" coveredstatements="30" conditionals="33" coveredconditionals="20" methods="3" coveredmethods="2"/>
      <line num="5" count="1" type="stmt"/>
      <line num="13" count="1" type="stmt"/>
      <line num="14" count="1" type="stmt"/>
      <line num="15" count="1" type="stmt"/>
      <line num="20" count="1" type="stmt"/>
      <line num="21" count="1" type="cond" truecount="2" falsecount="0"/>
      <line num="22" count="1" type="stmt"/>
      <line num="23" count="1" type="stmt"/>
      <line num="24" count="1" type="stmt"/>
      <line num="25" count="1" type="cond" truecount="1" falsecount="1"/>
      <line num="26" count="0" type="stmt"/>
      <line num="28" count="1" type="stmt"/>
      <line num="29" count="1" type="cond" truecount="1" falsecount="1"/>
      <line num="30" count="1" type="cond" truecount="1" falsecount="1"/>
      <line num="31" count="0" type="stmt"/>
      <line num="32" count="1" type="cond" truecount="1" falsecount="1"/>
      <line num="33" count="1" type="stmt"/>
      <line num="37" count="1" type="cond" truecount="1" falsecount="1"/>
      <line num="38" count="0" type="stmt"/>
      <line num="39" count="1" type="cond" truecount="1" falsecount="1"/>
      <line num="40" count="1" type="stmt"/>
      <line num="42" count="0" type="stmt"/>
      <line num="45" count="1" type="stmt"/>
      <line num="47" count="1" type="cond" truecount="1" falsecount="1"/>
      <line num="48" count="1" type="stmt"/>
      <line num="49" count="1" type="cond" truecount="3" falsecount="1"/>
      <line num="50" count="1" type="stmt"/>
      <line num="54" count="1" type="cond" truecount="1" falsecount="1"/>
      <line num="55" count="0" type="stmt"/>
      <line num="57" count="1" type="stmt"/>
      <line num="61" count="9" type="cond" truecount="2" falsecount="0"/>
      <line num="62" count="8" type="cond" truecount="2" falsecount="0"/>
      <line num="63" count="5" type="cond" truecount="2" falsecount="2"/>
      <line num="64" count="0" type="stmt"/>
      <line num="66" count="5" type="stmt"/>
      <line num="68" count="3" type="stmt"/>
    </file>
    <file name="getNucleusFrom2DExperiment.js" path="/Users/lpatiny/git/cheminfo/nmr-metadata/src/getNucleusFrom2DExperiment.js">
      <metrics statements="8" coveredstatements="0" conditionals="8" coveredconditionals="0" methods="1" coveredmethods="0"/>
      <line num="9" count="0" type="cond" truecount="0" falsecount="2"/>
      <line num="10" count="0" type="stmt"/>
      <line num="12" count="0" type="stmt"/>
      <line num="13" count="0" type="cond" truecount="0" falsecount="2"/>
      <line num="14" count="0" type="stmt"/>
      <line num="16" count="0" type="cond" truecount="0" falsecount="4"/>
      <line num="17" count="0" type="stmt"/>
      <line num="19" count="0" type="stmt"/>
    </file>
    <file name="getSpectrumType.js" path="/Users/lpatiny/git/cheminfo/nmr-metadata/src/getSpectrumType.js">
      <metrics statements="34" coveredstatements="33" conditionals="52" coveredconditionals="44" methods="1" coveredmethods="1"/>
      <line num="7" count="29" type="cond" truecount="2" falsecount="0"/>
      <line num="8" count="29" type="cond" truecount="2" falsecount="0"/>
      <line num="9" count="27" type="stmt"/>
      <line num="13" count="29" type="cond" truecount="1" falsecount="1"/>
      <line num="14" count="0" type="cond" truecount="0" falsecount="2"/>
      <line num="16" count="29" type="cond" truecount="2" falsecount="0"/>
      <line num="19" count="29" type="cond" truecount="1" falsecount="1"/>
      <line num="21" count="29" type="stmt"/>
      <line num="22" count="29" type="cond" truecount="2" falsecount="0"/>
      <line num="23" count="1" type="stmt"/>
      <line num="26" count="28" type="stmt"/>
      <line num="27" count="28" type="cond" truecount="2" falsecount="0"/>
      <line num="28" count="3" type="stmt"/>
      <line num="31" count="25" type="cond" truecount="2" falsecount="0"/>
      <line num="35" count="1" type="stmt"/>
      <line num="38" count="24" type="cond" truecount="4" falsecount="0"/>
      <line num="39" count="2" type="stmt"/>
      <line num="42" count="22" type="cond" truecount="2" falsecount="0"/>
      <line num="46" count="3" type="stmt"/>
      <line num="49" count="19" type="cond" truecount="2" falsecount="0"/>
      <line num="50" count="3" type="stmt"/>
      <line num="53" count="16" type="cond" truecount="2" falsecount="0"/>
      <line num="54" count="2" type="stmt"/>
      <line num="57" count="14" type="cond" truecount="2" falsecount="0"/>
      <line num="62" count="3" type="stmt"/>
      <line num="65" count="11" type="cond" truecount="2" falsecount="0"/>
      <line num="66" count="2" type="stmt"/>
      <line num="69" count="9" type="cond" truecount="2" falsecount="0"/>
      <line num="70" count="2" type="stmt"/>
      <line num="73" count="7" type="cond" truecount="2" falsecount="0"/>
      <line num="74" count="2" type="stmt"/>
      <line num="77" count="5" type="cond" truecount="4" falsecount="0"/>
      <line num="78" count="2" type="stmt"/>
      <line num="81" count="3" type="stmt"/>
    </file>
    <file name="index.js" path="/Users/lpatiny/git/cheminfo/nmr-metadata/src/index.js">
      <metrics statements="14" coveredstatements="13" conditionals="10" coveredconditionals="7" methods="1" coveredmethods="1"/>
      <line num="6" count="2" type="stmt"/>
      <line num="27" count="2" type="stmt"/>
      <line num="31" count="2" type="stmt"/>
      <line num="48" count="1" type="stmt"/>
      <line num="50" count="1" type="stmt"/>
      <line num="51" count="1" type="stmt"/>
      <line num="56" count="1" type="stmt"/>
      <line num="58" count="1" type="cond" truecount="1" falsecount="1"/>
      <line num="64" count="1" type="stmt"/>
      <line num="69" count="1" type="cond" truecount="2" falsecount="2"/>
      <line num="70" count="0" type="stmt"/>
      <line num="73" count="1" type="stmt"/>
      <line num="74" count="1" type="stmt"/>
      <line num="77" count="1" type="stmt"/>
    </file>
  </project>
</coverage>
