{"/Users/lpatiny/git/cheminfo/nmr-metadata/src/getMetaData.js": {"path":"/Users/lpatiny/git/cheminfo/nmr-metadata/src/getMetaData.js","statementMap":{"0":{"start":{"line":5,"column":19},"end":{"line":11,"column":3}},"1":{"start":{"line":13,"column":2},"end":{"line":13,"column":42}},"2":{"start":{"line":14,"column":2},"end":{"line":14,"column":54}},"3":{"start":{"line":15,"column":2},"end":{"line":19,"column":4}},"4":{"start":{"line":20,"column":2},"end":{"line":20,"column":68}},"5":{"start":{"line":21,"column":2},"end":{"line":21,"column":73}},"6":{"start":{"line":22,"column":2},"end":{"line":22,"column":73}},"7":{"start":{"line":23,"column":2},"end":{"line":23,"column":44}},"8":{"start":{"line":24,"column":2},"end":{"line":24,"column":44}},"9":{"start":{"line":25,"column":2},"end":{"line":27,"column":3}},"10":{"start":{"line":26,"column":4},"end":{"line":26,"column":66}},"11":{"start":{"line":28,"column":2},"end":{"line":28,"column":53}},"12":{"start":{"line":29,"column":2},"end":{"line":35,"column":3}},"13":{"start":{"line":30,"column":4},"end":{"line":34,"column":5}},"14":{"start":{"line":31,"column":6},"end":{"line":31,"column":28}},"15":{"start":{"line":32,"column":11},"end":{"line":34,"column":5}},"16":{"start":{"line":33,"column":6},"end":{"line":33,"column":27}},"17":{"start":{"line":37,"column":2},"end":{"line":43,"column":3}},"18":{"start":{"line":38,"column":4},"end":{"line":38,"column":76}},"19":{"start":{"line":38,"column":64},"end":{"line":38,"column":74}},"20":{"start":{"line":39,"column":9},"end":{"line":43,"column":3}},"21":{"start":{"line":40,"column":4},"end":{"line":40,"column":78}},"22":{"start":{"line":42,"column":4},"end":{"line":42,"column":71}},"23":{"start":{"line":45,"column":2},"end":{"line":45,"column":47}},"24":{"start":{"line":47,"column":2},"end":{"line":52,"column":3}},"25":{"start":{"line":48,"column":18},"end":{"line":48,"column":44}},"26":{"start":{"line":49,"column":4},"end":{"line":51,"column":5}},"27":{"start":{"line":50,"column":6},"end":{"line":50,"column":32}},"28":{"start":{"line":54,"column":2},"end":{"line":56,"column":3}},"29":{"start":{"line":55,"column":4},"end":{"line":55,"column":62}},"30":{"start":{"line":57,"column":2},"end":{"line":57,"column":18}},"31":{"start":{"line":61,"column":2},"end":{"line":70,"column":3}},"32":{"start":{"line":62,"column":4},"end":{"line":69,"column":5}},"33":{"start":{"line":63,"column":6},"end":{"line":65,"column":7}},"34":{"start":{"line":64,"column":8},"end":{"line":64,"column":53}},"35":{"start":{"line":66,"column":6},"end":{"line":66,"column":31}},"36":{"start":{"line":68,"column":6},"end":{"line":68,"column":24}}},"fnMap":{"0":{"name":"getMetaData","decl":{"start":{"line":4,"column":16},"end":{"line":4,"column":27}},"loc":{"start":{"line":4,"column":34},"end":{"line":58,"column":1}},"line":4},"1":{"name":"(anonymous_1)","decl":{"start":{"line":38,"column":55},"end":{"line":38,"column":56}},"loc":{"start":{"line":38,"column":64},"end":{"line":38,"column":74}},"line":38},"2":{"name":"maybeAdd","decl":{"start":{"line":60,"column":9},"end":{"line":60,"column":17}},"loc":{"start":{"line":60,"column":36},"end":{"line":71,"column":1}},"line":60}},"branchMap":{"0":{"loc":{"start":{"line":18,"column":4},"end":{"line":18,"column":63}},"type":"binary-expr","locations":[{"start":{"line":18,"column":4},"end":{"line":18,"column":26}},{"start":{"line":18,"column":30},"end":{"line":18,"column":46}},{"start":{"line":18,"column":50},"end":{"line":18,"column":63}}],"line":18},"1":{"loc":{"start":{"line":21,"column":47},"end":{"line":21,"column":70}},"type":"binary-expr","locations":[{"start":{"line":21,"column":47},"end":{"line":21,"column":55}},{"start":{"line":21,"column":59},"end":{"line":21,"column":70}}],"line":21},"2":{"loc":{"start":{"line":25,"column":2},"end":{"line":27,"column":3}},"type":"if","locations":[{"start":{"line":25,"column":2},"end":{"line":27,"column":3}},{"start":{"line":25,"column":2},"end":{"line":27,"column":3}}],"line":25},"3":{"loc":{"start":{"line":29,"column":2},"end":{"line":35,"column":3}},"type":"if","locations":[{"start":{"line":29,"column":2},"end":{"line":35,"column":3}},{"start":{"line":29,"column":2},"end":{"line":35,"column":3}}],"line":29},"4":{"loc":{"start":{"line":30,"column":4},"end":{"line":34,"column":5}},"type":"if","locations":[{"start":{"line":30,"column":4},"end":{"line":34,"column":5}},{"start":{"line":30,"column":4},"end":{"line":34,"column":5}}],"line":30},"5":{"loc":{"start":{"line":32,"column":11},"end":{"line":34,"column":5}},"type":"if","locations":[{"start":{"line":32,"column":11},"end":{"line":34,"column":5}},{"start":{"line":32,"column":11},"end":{"line":34,"column":5}}],"line":32},"6":{"loc":{"start":{"line":37,"column":2},"end":{"line":43,"column":3}},"type":"if","locations":[{"start":{"line":37,"column":2},"end":{"line":43,"column":3}},{"start":{"line":37,"column":2},"end":{"line":43,"column":3}}],"line":37},"7":{"loc":{"start":{"line":39,"column":9},"end":{"line":43,"column":3}},"type":"if","locations":[{"start":{"line":39,"column":9},"end":{"line":43,"column":3}},{"start":{"line":39,"column":9},"end":{"line":43,"column":3}}],"line":39},"8":{"loc":{"start":{"line":47,"column":2},"end":{"line":52,"column":3}},"type":"if","locations":[{"start":{"line":47,"column":2},"end":{"line":52,"column":3}},{"start":{"line":47,"column":2},"end":{"line":52,"column":3}}],"line":47},"9":{"loc":{"start":{"line":49,"column":4},"end":{"line":51,"column":5}},"type":"if","locations":[{"start":{"line":49,"column":4},"end":{"line":51,"column":5}},{"start":{"line":49,"column":4},"end":{"line":51,"column":5}}],"line":49},"10":{"loc":{"start":{"line":49,"column":8},"end":{"line":49,"column":54}},"type":"binary-expr","locations":[{"start":{"line":49,"column":8},"end":{"line":49,"column":29}},{"start":{"line":49,"column":33},"end":{"line":49,"column":54}}],"line":49},"11":{"loc":{"start":{"line":54,"column":2},"end":{"line":56,"column":3}},"type":"if","locations":[{"start":{"line":54,"column":2},"end":{"line":56,"column":3}},{"start":{"line":54,"column":2},"end":{"line":56,"column":3}}],"line":54},"12":{"loc":{"start":{"line":61,"column":2},"end":{"line":70,"column":3}},"type":"if","locations":[{"start":{"line":61,"column":2},"end":{"line":70,"column":3}},{"start":{"line":61,"column":2},"end":{"line":70,"column":3}}],"line":61},"13":{"loc":{"start":{"line":62,"column":4},"end":{"line":69,"column":5}},"type":"if","locations":[{"start":{"line":62,"column":4},"end":{"line":69,"column":5}},{"start":{"line":62,"column":4},"end":{"line":69,"column":5}}],"line":62},"14":{"loc":{"start":{"line":63,"column":6},"end":{"line":65,"column":7}},"type":"if","locations":[{"start":{"line":63,"column":6},"end":{"line":65,"column":7}},{"start":{"line":63,"column":6},"end":{"line":65,"column":7}}],"line":63},"15":{"loc":{"start":{"line":63,"column":10},"end":{"line":63,"column":54}},"type":"binary-expr","locations":[{"start":{"line":63,"column":10},"end":{"line":63,"column":31}},{"start":{"line":63,"column":35},"end":{"line":63,"column":54}}],"line":63}},"s":{"0":1,"1":1,"2":1,"3":1,"4":1,"5":1,"6":1,"7":1,"8":1,"9":1,"10":0,"11":1,"12":1,"13":1,"14":0,"15":1,"16":1,"17":1,"18":0,"19":0,"20":1,"21":1,"22":0,"23":1,"24":1,"25":1,"26":1,"27":1,"28":1,"29":0,"30":1,"31":9,"32":8,"33":5,"34":0,"35":5,"36":3},"f":{"0":1,"1":0,"2":9},"b":{"0":[1,0,0],"1":[1,1],"2":[0,1],"3":[1,0],"4":[0,1],"5":[1,0],"6":[0,1],"7":[1,0],"8":[1,0],"9":[1,0],"10":[1,1],"11":[0,1],"12":[8,1],"13":[5,3],"14":[0,5],"15":[5,0]},"_coverageSchema":"1a1c01bbd47fc00a2c39e90264f33305004495a9","hash":"885eaf0d67a82d67de328e2faa23f94c0f5a29d8"}
,"/Users/lpatiny/git/cheminfo/nmr-metadata/src/getNucleusFrom2DExperiment.js": {"path":"/Users/lpatiny/git/cheminfo/nmr-metadata/src/getNucleusFrom2DExperiment.js","statementMap":{"0":{"start":{"line":9,"column":2},"end":{"line":11,"column":3}},"1":{"start":{"line":10,"column":4},"end":{"line":10,"column":14}},"2":{"start":{"line":12,"column":2},"end":{"line":12,"column":40}},"3":{"start":{"line":13,"column":2},"end":{"line":15,"column":3}},"4":{"start":{"line":14,"column":4},"end":{"line":14,"column":18}},"5":{"start":{"line":16,"column":2},"end":{"line":18,"column":3}},"6":{"start":{"line":17,"column":4},"end":{"line":17,"column":25}},"7":{"start":{"line":19,"column":2},"end":{"line":19,"column":22}}},"fnMap":{"0":{"name":"getNucleusFrom2DExperiment","decl":{"start":{"line":8,"column":16},"end":{"line":8,"column":42}},"loc":{"start":{"line":8,"column":55},"end":{"line":20,"column":1}},"line":8}},"branchMap":{"0":{"loc":{"start":{"line":9,"column":2},"end":{"line":11,"column":3}},"type":"if","locations":[{"start":{"line":9,"column":2},"end":{"line":11,"column":3}},{"start":{"line":9,"column":2},"end":{"line":11,"column":3}}],"line":9},"1":{"loc":{"start":{"line":13,"column":2},"end":{"line":15,"column":3}},"type":"if","locations":[{"start":{"line":13,"column":2},"end":{"line":15,"column":3}},{"start":{"line":13,"column":2},"end":{"line":15,"column":3}}],"line":13},"2":{"loc":{"start":{"line":16,"column":2},"end":{"line":18,"column":3}},"type":"if","locations":[{"start":{"line":16,"column":2},"end":{"line":18,"column":3}},{"start":{"line":16,"column":2},"end":{"line":18,"column":3}}],"line":16},"3":{"loc":{"start":{"line":16,"column":6},"end":{"line":16,"column":64}},"type":"binary-expr","locations":[{"start":{"line":16,"column":6},"end":{"line":16,"column":33}},{"start":{"line":16,"column":37},"end":{"line":16,"column":64}}],"line":16}},"s":{"0":0,"1":0,"2":0,"3":0,"4":0,"5":0,"6":0,"7":0},"f":{"0":0},"b":{"0":[0,0],"1":[0,0],"2":[0,0],"3":[0,0]},"_coverageSchema":"1a1c01bbd47fc00a2c39e90264f33305004495a9","hash":"00f1afbe777b7387ab2373f929b188195ca46a77"}
,"/Users/lpatiny/git/cheminfo/nmr-metadata/src/getSpectrumType.js": {"path":"/Users/lpatiny/git/cheminfo/nmr-metadata/src/getSpectrumType.js","statementMap":{"0":{"start":{"line":7,"column":2},"end":{"line":7,"column":31}},"1":{"start":{"line":7,"column":21},"end":{"line":7,"column":31}},"2":{"start":{"line":8,"column":2},"end":{"line":10,"column":3}},"3":{"start":{"line":9,"column":4},"end":{"line":9,"column":27}},"4":{"start":{"line":13,"column":2},"end":{"line":17,"column":3}},"5":{"start":{"line":14,"column":4},"end":{"line":14,"column":79}},"6":{"start":{"line":16,"column":4},"end":{"line":16,"column":76}},"7":{"start":{"line":19,"column":2},"end":{"line":19,"column":30}},"8":{"start":{"line":19,"column":15},"end":{"line":19,"column":30}},"9":{"start":{"line":21,"column":14},"end":{"line":21,"column":24}},"10":{"start":{"line":22,"column":2},"end":{"line":24,"column":3}},"11":{"start":{"line":23,"column":4},"end":{"line":23,"column":14}},"12":{"start":{"line":26,"column":2},"end":{"line":26,"column":30}},"13":{"start":{"line":27,"column":2},"end":{"line":29,"column":3}},"14":{"start":{"line":28,"column":4},"end":{"line":28,"column":16}},"15":{"start":{"line":31,"column":2},"end":{"line":36,"column":3}},"16":{"start":{"line":35,"column":4},"end":{"line":35,"column":23}},"17":{"start":{"line":38,"column":2},"end":{"line":40,"column":3}},"18":{"start":{"line":39,"column":4},"end":{"line":39,"column":18}},"19":{"start":{"line":42,"column":2},"end":{"line":47,"column":3}},"20":{"start":{"line":46,"column":4},"end":{"line":46,"column":18}},"21":{"start":{"line":49,"column":2},"end":{"line":51,"column":3}},"22":{"start":{"line":50,"column":4},"end":{"line":50,"column":18}},"23":{"start":{"line":53,"column":2},"end":{"line":55,"column":3}},"24":{"start":{"line":54,"column":4},"end":{"line":54,"column":18}},"25":{"start":{"line":57,"column":2},"end":{"line":63,"column":3}},"26":{"start":{"line":62,"column":4},"end":{"line":62,"column":19}},"27":{"start":{"line":65,"column":2},"end":{"line":67,"column":3}},"28":{"start":{"line":66,"column":4},"end":{"line":66,"column":19}},"29":{"start":{"line":69,"column":2},"end":{"line":71,"column":3}},"30":{"start":{"line":70,"column":4},"end":{"line":70,"column":19}},"31":{"start":{"line":73,"column":2},"end":{"line":75,"column":3}},"32":{"start":{"line":74,"column":4},"end":{"line":74,"column":18}},"33":{"start":{"line":77,"column":2},"end":{"line":79,"column":3}},"34":{"start":{"line":78,"column":4},"end":{"line":78,"column":21}},"35":{"start":{"line":81,"column":2},"end":{"line":81,"column":12}}},"fnMap":{"0":{"name":"getSpectrumType","decl":{"start":{"line":6,"column":16},"end":{"line":6,"column":31}},"loc":{"start":{"line":6,"column":54},"end":{"line":82,"column":1}},"line":6}},"branchMap":{"0":{"loc":{"start":{"line":6,"column":32},"end":{"line":6,"column":41}},"type":"default-arg","locations":[{"start":{"line":6,"column":39},"end":{"line":6,"column":41}}],"line":6},"1":{"loc":{"start":{"line":6,"column":43},"end":{"line":6,"column":52}},"type":"default-arg","locations":[{"start":{"line":6,"column":50},"end":{"line":6,"column":52}}],"line":6},"2":{"loc":{"start":{"line":7,"column":2},"end":{"line":7,"column":31}},"type":"if","locations":[{"start":{"line":7,"column":2},"end":{"line":7,"column":31}},{"start":{"line":7,"column":2},"end":{"line":7,"column":31}}],"line":7},"3":{"loc":{"start":{"line":8,"column":2},"end":{"line":10,"column":3}},"type":"if","locations":[{"start":{"line":8,"column":2},"end":{"line":10,"column":3}},{"start":{"line":8,"column":2},"end":{"line":10,"column":3}}],"line":8},"4":{"loc":{"start":{"line":13,"column":2},"end":{"line":17,"column":3}},"type":"if","locations":[{"start":{"line":13,"column":2},"end":{"line":17,"column":3}},{"start":{"line":13,"column":2},"end":{"line":17,"column":3}}],"line":13},"5":{"loc":{"start":{"line":14,"column":15},"end":{"line":14,"column":37}},"type":"binary-expr","locations":[{"start":{"line":14,"column":15},"end":{"line":14,"column":31}},{"start":{"line":14,"column":35},"end":{"line":14,"column":37}}],"line":14},"6":{"loc":{"start":{"line":16,"column":15},"end":{"line":16,"column":34}},"type":"binary-expr","locations":[{"start":{"line":16,"column":15},"end":{"line":16,"column":28}},{"start":{"line":16,"column":32},"end":{"line":16,"column":34}}],"line":16},"7":{"loc":{"start":{"line":19,"column":2},"end":{"line":19,"column":30}},"type":"if","locations":[{"start":{"line":19,"column":2},"end":{"line":19,"column":30}},{"start":{"line":19,"column":2},"end":{"line":19,"column":30}}],"line":19},"8":{"loc":{"start":{"line":22,"column":2},"end":{"line":24,"column":3}},"type":"if","locations":[{"start":{"line":22,"column":2},"end":{"line":24,"column":3}},{"start":{"line":22,"column":2},"end":{"line":24,"column":3}}],"line":22},"9":{"loc":{"start":{"line":27,"column":2},"end":{"line":29,"column":3}},"type":"if","locations":[{"start":{"line":27,"column":2},"end":{"line":29,"column":3}},{"start":{"line":27,"column":2},"end":{"line":29,"column":3}}],"line":27},"10":{"loc":{"start":{"line":31,"column":2},"end":{"line":36,"column":3}},"type":"if","locations":[{"start":{"line":31,"column":2},"end":{"line":36,"column":3}},{"start":{"line":31,"column":2},"end":{"line":36,"column":3}}],"line":31},"11":{"loc":{"start":{"line":32,"column":4},"end":{"line":33,"column":78}},"type":"binary-expr","locations":[{"start":{"line":32,"column":4},"end":{"line":32,"column":27}},{"start":{"line":33,"column":5},"end":{"line":33,"column":27}},{"start":{"line":33,"column":32},"end":{"line":33,"column":52}},{"start":{"line":33,"column":56},"end":{"line":33,"column":76}}],"line":32},"12":{"loc":{"start":{"line":38,"column":2},"end":{"line":40,"column":3}},"type":"if","locations":[{"start":{"line":38,"column":2},"end":{"line":40,"column":3}},{"start":{"line":38,"column":2},"end":{"line":40,"column":3}}],"line":38},"13":{"loc":{"start":{"line":38,"column":6},"end":{"line":38,"column":54}},"type":"binary-expr","locations":[{"start":{"line":38,"column":6},"end":{"line":38,"column":28}},{"start":{"line":38,"column":32},"end":{"line":38,"column":54}}],"line":38},"14":{"loc":{"start":{"line":42,"column":2},"end":{"line":47,"column":3}},"type":"if","locations":[{"start":{"line":42,"column":2},"end":{"line":47,"column":3}},{"start":{"line":42,"column":2},"end":{"line":47,"column":3}}],"line":42},"15":{"loc":{"start":{"line":43,"column":4},"end":{"line":44,"column":52}},"type":"binary-expr","locations":[{"start":{"line":43,"column":4},"end":{"line":43,"column":26}},{"start":{"line":44,"column":5},"end":{"line":44,"column":27}},{"start":{"line":44,"column":31},"end":{"line":44,"column":51}}],"line":43},"16":{"loc":{"start":{"line":49,"column":2},"end":{"line":51,"column":3}},"type":"if","locations":[{"start":{"line":49,"column":2},"end":{"line":51,"column":3}},{"start":{"line":49,"column":2},"end":{"line":51,"column":3}}],"line":49},"17":{"loc":{"start":{"line":53,"column":2},"end":{"line":55,"column":3}},"type":"if","locations":[{"start":{"line":53,"column":2},"end":{"line":55,"column":3}},{"start":{"line":53,"column":2},"end":{"line":55,"column":3}}],"line":53},"18":{"loc":{"start":{"line":57,"column":2},"end":{"line":63,"column":3}},"type":"if","locations":[{"start":{"line":57,"column":2},"end":{"line":63,"column":3}},{"start":{"line":57,"column":2},"end":{"line":63,"column":3}}],"line":57},"19":{"loc":{"start":{"line":58,"column":4},"end":{"line":60,"column":27}},"type":"binary-expr","locations":[{"start":{"line":58,"column":4},"end":{"line":58,"column":27}},{"start":{"line":59,"column":4},"end":{"line":59,"column":26}},{"start":{"line":60,"column":4},"end":{"line":60,"column":27}}],"line":58},"20":{"loc":{"start":{"line":65,"column":2},"end":{"line":67,"column":3}},"type":"if","locations":[{"start":{"line":65,"column":2},"end":{"line":67,"column":3}},{"start":{"line":65,"column":2},"end":{"line":67,"column":3}}],"line":65},"21":{"loc":{"start":{"line":69,"column":2},"end":{"line":71,"column":3}},"type":"if","locations":[{"start":{"line":69,"column":2},"end":{"line":71,"column":3}},{"start":{"line":69,"column":2},"end":{"line":71,"column":3}}],"line":69},"22":{"loc":{"start":{"line":73,"column":2},"end":{"line":75,"column":3}},"type":"if","locations":[{"start":{"line":73,"column":2},"end":{"line":75,"column":3}},{"start":{"line":73,"column":2},"end":{"line":75,"column":3}}],"line":73},"23":{"loc":{"start":{"line":77,"column":2},"end":{"line":79,"column":3}},"type":"if","locations":[{"start":{"line":77,"column":2},"end":{"line":79,"column":3}},{"start":{"line":77,"column":2},"end":{"line":79,"column":3}}],"line":77},"24":{"loc":{"start":{"line":77,"column":6},"end":{"line":77,"column":53}},"type":"binary-expr","locations":[{"start":{"line":77,"column":6},"end":{"line":77,"column":28}},{"start":{"line":77,"column":32},"end":{"line":77,"column":53}}],"line":77}},"s":{"0":29,"1":1,"2":29,"3":27,"4":29,"5":0,"6":29,"7":29,"8":0,"9":29,"10":29,"11":1,"12":28,"13":28,"14":3,"15":25,"16":1,"17":24,"18":2,"19":22,"20":3,"21":19,"22":3,"23":16,"24":2,"25":14,"26":3,"27":11,"28":2,"29":9,"30":2,"31":7,"32":2,"33":5,"34":2,"35":3},"f":{"0":29},"b":{"0":[0],"1":[28],"2":[1,28],"3":[27,2],"4":[0,29],"5":[0,0],"6":[29,29],"7":[0,29],"8":[1,28],"9":[3,25],"10":[1,24],"11":[25,24,0,0],"12":[2,22],"13":[24,22],"14":[3,19],"15":[22,19,0],"16":[3,16],"17":[2,14],"18":[3,11],"19":[14,13,12],"20":[2,9],"21":[2,7],"22":[2,5],"23":[2,3],"24":[5,4]},"_coverageSchema":"1a1c01bbd47fc00a2c39e90264f33305004495a9","hash":"5016a44ee6d4626173de047c1f85784691eeddf9"}
,"/Users/lpatiny/git/cheminfo/nmr-metadata/src/index.js": {"path":"/Users/lpatiny/git/cheminfo/nmr-metadata/src/index.js","statementMap":{"0":{"start":{"line":6,"column":24},"end":{"line":6,"column":35}},"1":{"start":{"line":27,"column":23},"end":{"line":29,"column":1}},"2":{"start":{"line":31,"column":29},"end":{"line":37,"column":1}},"3":{"start":{"line":48,"column":2},"end":{"line":48,"column":55}},"4":{"start":{"line":50,"column":22},"end":{"line":50,"column":42}},"5":{"start":{"line":51,"column":22},"end":{"line":54,"column":15}},"6":{"start":{"line":56,"column":17},"end":{"line":56,"column":46}},"7":{"start":{"line":58,"column":2},"end":{"line":75,"column":3}},"8":{"start":{"line":64,"column":26},"end":{"line":68,"column":5}},"9":{"start":{"line":69,"column":4},"end":{"line":71,"column":5}},"10":{"start":{"line":70,"column":6},"end":{"line":70,"column":67}},"11":{"start":{"line":73,"column":19},"end":{"line":73,"column":67}},"12":{"start":{"line":74,"column":4},"end":{"line":74,"column":28}},"13":{"start":{"line":77,"column":2},"end":{"line":77,"column":18}}},"fnMap":{"0":{"name":"fromJcamp","decl":{"start":{"line":47,"column":16},"end":{"line":47,"column":25}},"loc":{"start":{"line":47,"column":46},"end":{"line":78,"column":1}},"line":47}},"branchMap":{"0":{"loc":{"start":{"line":58,"column":2},"end":{"line":75,"column":3}},"type":"if","locations":[{"start":{"line":58,"column":2},"end":{"line":75,"column":3}},{"start":{"line":58,"column":2},"end":{"line":75,"column":3}}],"line":58},"1":{"loc":{"start":{"line":59,"column":4},"end":{"line":62,"column":32}},"type":"binary-expr","locations":[{"start":{"line":59,"column":4},"end":{"line":59,"column":25}},{"start":{"line":60,"column":4},"end":{"line":60,"column":17}},{"start":{"line":61,"column":4},"end":{"line":61,"column":28}},{"start":{"line":62,"column":4},"end":{"line":62,"column":32}}],"line":59},"2":{"loc":{"start":{"line":69,"column":4},"end":{"line":71,"column":5}},"type":"if","locations":[{"start":{"line":69,"column":4},"end":{"line":71,"column":5}},{"start":{"line":69,"column":4},"end":{"line":71,"column":5}}],"line":69},"3":{"loc":{"start":{"line":69,"column":8},"end":{"line":69,"column":52}},"type":"binary-expr","locations":[{"start":{"line":69,"column":8},"end":{"line":69,"column":32}},{"start":{"line":69,"column":36},"end":{"line":69,"column":52}}],"line":69}},"s":{"0":2,"1":2,"2":2,"3":1,"4":1,"5":1,"6":1,"7":1,"8":1,"9":1,"10":0,"11":1,"12":1,"13":1},"f":{"0":1},"b":{"0":[1,0],"1":[1,1,1,1],"2":[0,1],"3":[1,0]},"_coverageSchema":"1a1c01bbd47fc00a2c39e90264f33305004495a9","hash":"cedce2b11c7a8a40765b480de13f89ec3513d63c"}
}
