TN:
SF:src/getMetaData.js
FN:4,getMetaData
FN:38,(anonymous_1)
FN:60,maybeAdd
FNF:3
FNH:2
FNDA:1,getMetaData
FNDA:0,(anonymous_1)
FNDA:9,maybeAdd
DA:5,1
DA:13,1
DA:14,1
DA:15,1
DA:20,1
DA:21,1
DA:22,1
DA:23,1
DA:24,1
DA:25,1
DA:26,0
DA:28,1
DA:29,1
DA:30,1
DA:31,0
DA:32,1
DA:33,1
DA:37,1
DA:38,0
DA:39,1
DA:40,1
DA:42,0
DA:45,1
DA:47,1
DA:48,1
DA:49,1
DA:50,1
DA:54,1
DA:55,0
DA:57,1
DA:61,9
DA:62,8
DA:63,5
DA:64,0
DA:66,5
DA:68,3
LF:36
LH:30
BRDA:18,0,0,1
BRDA:18,0,1,0
BRDA:18,0,2,0
BRDA:21,1,0,1
BRDA:21,1,1,1
BRDA:25,2,0,0
BRDA:25,2,1,1
BRDA:29,3,0,1
BRDA:29,3,1,0
BRDA:30,4,0,0
BRDA:30,4,1,1
BRDA:32,5,0,1
BRDA:32,5,1,0
BRDA:37,6,0,0
BRDA:37,6,1,1
BRDA:39,7,0,1
BRDA:39,7,1,0
BRDA:47,8,0,1
BRDA:47,8,1,0
BRDA:49,9,0,1
BRDA:49,9,1,0
BRDA:49,10,0,1
BRDA:49,10,1,1
BRDA:54,11,0,0
BRDA:54,11,1,1
BRDA:61,12,0,8
BRDA:61,12,1,1
BRDA:62,13,0,5
BRDA:62,13,1,3
BRDA:63,14,0,0
BRDA:63,14,1,5
BRDA:63,15,0,5
BRDA:63,15,1,0
BRF:33
BRH:20
end_of_record
TN:
SF:src/getNucleusFrom2DExperiment.js
FN:8,getNucleusFrom2DExperiment
FNF:1
FNH:0
FNDA:0,getNucleusFrom2DExperiment
DA:9,0
DA:10,0
DA:12,0
DA:13,0
DA:14,0
DA:16,0
DA:17,0
DA:19,0
LF:8
LH:0
BRDA:9,0,0,0
BRDA:9,0,1,0
BRDA:13,1,0,0
BRDA:13,1,1,0
BRDA:16,2,0,0
BRDA:16,2,1,0
BRDA:16,3,0,0
BRDA:16,3,1,0
BRF:8
BRH:0
end_of_record
TN:
SF:src/getSpectrumType.js
FN:6,getSpectrumType
FNF:1
FNH:1
FNDA:29,getSpectrumType
DA:7,29
DA:8,29
DA:9,27
DA:13,29
DA:14,0
DA:16,29
DA:19,29
DA:21,29
DA:22,29
DA:23,1
DA:26,28
DA:27,28
DA:28,3
DA:31,25
DA:35,1
DA:38,24
DA:39,2
DA:42,22
DA:46,3
DA:49,19
DA:50,3
DA:53,16
DA:54,2
DA:57,14
DA:62,3
DA:65,11
DA:66,2
DA:69,9
DA:70,2
DA:73,7
DA:74,2
DA:77,5
DA:78,2
DA:81,3
LF:34
LH:33
BRDA:6,0,0,0
BRDA:6,1,0,28
BRDA:7,2,0,1
BRDA:7,2,1,28
BRDA:8,3,0,27
BRDA:8,3,1,2
BRDA:13,4,0,0
BRDA:13,4,1,29
BRDA:14,5,0,0
BRDA:14,5,1,0
BRDA:16,6,0,29
BRDA:16,6,1,29
BRDA:19,7,0,0
BRDA:19,7,1,29
BRDA:22,8,0,1
BRDA:22,8,1,28
BRDA:27,9,0,3
BRDA:27,9,1,25
BRDA:31,10,0,1
BRDA:31,10,1,24
BRDA:32,11,0,25
BRDA:32,11,1,24
BRDA:32,11,2,0
BRDA:32,11,3,0
BRDA:38,12,0,2
BRDA:38,12,1,22
BRDA:38,13,0,24
BRDA:38,13,1,22
BRDA:42,14,0,3
BRDA:42,14,1,19
BRDA:43,15,0,22
BRDA:43,15,1,19
BRDA:43,15,2,0
BRDA:49,16,0,3
BRDA:49,16,1,16
BRDA:53,17,0,2
BRDA:53,17,1,14
BRDA:57,18,0,3
BRDA:57,18,1,11
BRDA:58,19,0,14
BRDA:58,19,1,13
BRDA:58,19,2,12
BRDA:65,20,0,2
BRDA:65,20,1,9
BRDA:69,21,0,2
BRDA:69,21,1,7
BRDA:73,22,0,2
BRDA:73,22,1,5
BRDA:77,23,0,2
BRDA:77,23,1,3
BRDA:77,24,0,5
BRDA:77,24,1,4
BRF:52
BRH:44
end_of_record
TN:
SF:src/index.js
FN:47,fromJcamp
FNF:1
FNH:1
FNDA:1,fromJcamp
DA:6,2
DA:27,2
DA:31,2
DA:48,1
DA:50,1
DA:51,1
DA:56,1
DA:58,1
DA:64,1
DA:69,1
DA:70,0
DA:73,1
DA:74,1
DA:77,1
LF:14
LH:13
BRDA:58,0,0,1
BRDA:58,0,1,0
BRDA:59,1,0,1
BRDA:59,1,1,1
BRDA:59,1,2,1
BRDA:59,1,3,1
BRDA:69,2,0,0
BRDA:69,2,1,1
BRDA:69,3,0,1
BRDA:69,3,1,0
BRF:10
BRH:7
end_of_record
